<?xml version="1.0" encoding="UTF-8"?>
<testng-results ignored="0" total="2" passed="2" failed="0" skipped="0">
  <reporter-output>
  </reporter-output>
  <suite started-at="2023-10-23T11:55:42 IST" name="Default suite" finished-at="2023-10-23T11:55:42 IST" duration-ms="48">
    <groups>
    </groups>
    <test started-at="2023-10-23T11:55:42 IST" name="Default test" finished-at="2023-10-23T11:55:42 IST" duration-ms="48">
      <class name="stream_New_Practice.SortedArray">
        <test-method signature="SortedNumbers()[pri:0, instance:stream_New_Practice.SortedArray@40cb8df7]" started-at="2023-10-23T11:55:42 IST" name="SortedNumbers" finished-at="2023-10-23T11:55:42 IST" duration-ms="10" status="PASS">
          <reporter-output>
          </reporter-output>
        </test-method> <!-- SortedNumbers -->
        <test-method signature="findNameinArrayList()[pri:0, instance:stream_New_Practice.SortedArray@40cb8df7]" started-at="2023-10-23T11:55:42 IST" name="findNameinArrayList" finished-at="2023-10-23T11:55:42 IST" duration-ms="5" status="PASS">
          <reporter-output>
          </reporter-output>
        </test-method> <!-- findNameinArrayList -->
      </class> <!-- stream_New_Practice.SortedArray -->
    </test> <!-- Default test -->
  </suite> <!-- Default suite -->
</testng-results>
